<?xml version="1.0" encoding="UTF-8"?>
<!-- Generated by org.testng.reporters.JUnitReportReporter -->
<testsuite hostname="EtherionGoh-PC" failures="0" tests="2" name="govtech01.TechnicalTestFormTest" time="0.890" errors="0" timestamp="2024-08-04T12:19:49 SGT" skipped="0">
  <testcase classname="govtech01.TechnicalTestFormTest" name="testEmptyForm" time="0.131"/>
  <testcase classname="govtech01.TechnicalTestFormTest" name="testForm" time="0.759"/>
</testsuite> <!-- govtech01.TechnicalTestFormTest -->
