<?xml version="1.0" encoding="UTF-8"?>
<!-- Generated by org.testng.reporters.JUnitReportReporter -->
<testsuite hostname="EtherionGoh-PC" failures="0" tests="2" name="test.java.TechnicalTestFormTest" time="0.704" errors="0" timestamp="2024-08-04T14:02:57 SGT" skipped="0">
  <testcase classname="test.java.TechnicalTestFormTest" name="testForm" time="0.603"/>
  <testcase classname="test.java.TechnicalTestFormTest" name="testEmptyForm" time="0.101"/>
</testsuite> <!-- test.java.TechnicalTestFormTest -->
